2021-11-30 13:52:03,708 - Velocimacro : autoload off : VM system will not automatically reload global library macros
2021-11-30 13:52:03,709 - ResourceManager : found templates/generators/overviewSteps.vm with loader org.apache.velocity.runtime.resource.loader.ClasspathResourceLoader
2021-11-30 13:52:03,710 - ResourceManager : found /templates/headers.vm with loader org.apache.velocity.runtime.resource.loader.ClasspathResourceLoader
2021-11-30 13:52:03,711 - ResourceManager : found /templates/head.vm with loader org.apache.velocity.runtime.resource.loader.ClasspathResourceLoader
2021-11-30 13:52:03,711 - Velocimacro : added VM stringArray: source=/templates/macros/array.js.vm
2021-11-30 13:52:03,711 - Velocimacro : added VM numberArray: source=/templates/macros/array.js.vm
2021-11-30 13:52:03,711 - ResourceManager : found /templates/macros/array.js.vm with loader org.apache.velocity.runtime.resource.loader.ClasspathResourceLoader
2021-11-30 13:52:03,711 - Velocimacro : added VM includeBuildInfo: source=/templates/macros/page/buildinfo.vm
2021-11-30 13:52:03,711 - ResourceManager : found /templates/macros/page/buildinfo.vm with loader org.apache.velocity.runtime.resource.loader.ClasspathResourceLoader
2021-11-30 13:52:03,712 - Velocimacro : added VM includeClassifications: source=/templates/macros/page/classifications.vm
2021-11-30 13:52:03,712 - ResourceManager : found /templates/macros/page/classifications.vm with loader org.apache.velocity.runtime.resource.loader.ClasspathResourceLoader
2021-11-30 13:52:03,712 - Velocimacro : added VM includeLead: source=/templates/macros/page/lead.vm
2021-11-30 13:52:03,712 - ResourceManager : found /templates/macros/page/lead.vm with loader org.apache.velocity.runtime.resource.loader.ClasspathResourceLoader
2021-11-30 13:52:03,712 - Velocimacro : added VM includeNavigation: source=/templates/macros/page/navigation.vm
2021-11-30 13:52:03,712 - ResourceManager : found /templates/macros/page/navigation.vm with loader org.apache.velocity.runtime.resource.loader.ClasspathResourceLoader
2021-11-30 13:52:03,713 - Velocimacro : added VM includeReportInfo: source=/templates/macros/page/reportInfo.vm
2021-11-30 13:52:03,713 - ResourceManager : found /templates/macros/page/reportInfo.vm with loader org.apache.velocity.runtime.resource.loader.ClasspathResourceLoader
2021-11-30 13:52:03,713 - Velocimacro : added VM includeTitle: source=/templates/macros/page/title.vm
2021-11-30 13:52:03,713 - ResourceManager : found /templates/macros/page/title.vm with loader org.apache.velocity.runtime.resource.loader.ClasspathResourceLoader
2021-11-30 13:52:03,713 - Velocimacro : added VM includeExpandingButtons: source=/templates/macros/report/expandAllButtons.vm
2021-11-30 13:52:03,713 - ResourceManager : found /templates/macros/report/expandAllButtons.vm with loader org.apache.velocity.runtime.resource.loader.ClasspathResourceLoader
2021-11-30 13:52:03,713 - Velocimacro : added VM includeReportTable: source=/templates/macros/report/reportTable.vm
2021-11-30 13:52:03,714 - ResourceManager : found /templates/macros/report/reportTable.vm with loader org.apache.velocity.runtime.resource.loader.ClasspathResourceLoader
2021-11-30 13:52:03,714 - Velocimacro : added VM includeReportHeader: source=/templates/macros/report/reportHeader.vm
2021-11-30 13:52:03,714 - ResourceManager : found /templates/macros/report/reportHeader.vm with loader org.apache.velocity.runtime.resource.loader.ClasspathResourceLoader
2021-11-30 13:52:03,714 - Velocimacro : added VM includeStatsTable: source=/templates/macros/report/statsTable.vm
2021-11-30 13:52:03,714 - ResourceManager : found /templates/macros/report/statsTable.vm with loader org.apache.velocity.runtime.resource.loader.ClasspathResourceLoader
2021-11-30 13:52:03,715 - Velocimacro : added VM includeBrief: source=/templates/macros/json/brief.vm
2021-11-30 13:52:03,715 - ResourceManager : found /templates/macros/json/brief.vm with loader org.apache.velocity.runtime.resource.loader.ClasspathResourceLoader
2021-11-30 13:52:03,715 - Velocimacro : added VM includeDocString: source=/templates/macros/json/docstring.vm
2021-11-30 13:52:03,715 - ResourceManager : found /templates/macros/json/docstring.vm with loader org.apache.velocity.runtime.resource.loader.ClasspathResourceLoader
2021-11-30 13:52:03,715 - Velocimacro : added VM includeDuration: source=/templates/macros/json/duration.vm
2021-11-30 13:52:03,715 - ResourceManager : found /templates/macros/json/duration.vm with loader org.apache.velocity.runtime.resource.loader.ClasspathResourceLoader
2021-11-30 13:52:03,716 - Velocimacro : added VM includeElement: source=/templates/macros/json/element.vm
2021-11-30 13:52:03,716 - ResourceManager : found /templates/macros/json/element.vm with loader org.apache.velocity.runtime.resource.loader.ClasspathResourceLoader
2021-11-30 13:52:03,717 - Velocimacro : added VM includeEmbeddings: source=/templates/macros/json/embeddings.vm
2021-11-30 13:52:03,717 - Velocimacro : added VM includeHtmlEmbedding: source=/templates/macros/json/embeddings.vm
2021-11-30 13:52:03,717 - Velocimacro : added VM includeVideoEmbedding: source=/templates/macros/json/embeddings.vm
2021-11-30 13:52:03,717 - Velocimacro : added VM includeImageEmbedding: source=/templates/macros/json/embeddings.vm
2021-11-30 13:52:03,717 - Velocimacro : added VM includeImageReferenceEmbedding: source=/templates/macros/json/embeddings.vm
2021-11-30 13:52:03,717 - Velocimacro : added VM includeTextEmbedding: source=/templates/macros/json/embeddings.vm
2021-11-30 13:52:03,717 - Velocimacro : added VM includeUnknownEmbedding: source=/templates/macros/json/embeddings.vm
2021-11-30 13:52:03,717 - ResourceManager : found /templates/macros/json/embeddings.vm with loader org.apache.velocity.runtime.resource.loader.ClasspathResourceLoader
2021-11-30 13:52:03,718 - Velocimacro : added VM includeHooks: source=/templates/macros/json/hooks.vm
2021-11-30 13:52:03,718 - ResourceManager : found /templates/macros/json/hooks.vm with loader org.apache.velocity.runtime.resource.loader.ClasspathResourceLoader
2021-11-30 13:52:03,718 - Velocimacro : added VM includeOutput: source=/templates/macros/json/output.vm
2021-11-30 13:52:03,718 - ResourceManager : found /templates/macros/json/output.vm with loader org.apache.velocity.runtime.resource.loader.ClasspathResourceLoader
2021-11-30 13:52:03,719 - Velocimacro : added VM includeMessage: source=/templates/macros/json/message.vm
2021-11-30 13:52:03,719 - ResourceManager : found /templates/macros/json/message.vm with loader org.apache.velocity.runtime.resource.loader.ClasspathResourceLoader
2021-11-30 13:52:03,719 - Velocimacro : added VM includeSteps: source=/templates/macros/json/steps.vm
2021-11-30 13:52:03,719 - ResourceManager : found /templates/macros/json/steps.vm with loader org.apache.velocity.runtime.resource.loader.ClasspathResourceLoader
2021-11-30 13:52:03,719 - Velocimacro : added VM includeStepName: source=/templates/macros/json/stepName.vm
2021-11-30 13:52:03,719 - ResourceManager : found /templates/macros/json/stepName.vm with loader org.apache.velocity.runtime.resource.loader.ClasspathResourceLoader
2021-11-30 13:52:03,720 - Velocimacro : added VM includeTags: source=/templates/macros/json/tags.vm
2021-11-30 13:52:03,720 - ResourceManager : found /templates/macros/json/tags.vm with loader org.apache.velocity.runtime.resource.loader.ClasspathResourceLoader
2021-11-30 13:52:03,722 - ResourceManager : found /templates/footer.vm with loader org.apache.velocity.runtime.resource.loader.ClasspathResourceLoader
2021-11-30 13:52:03,735 - Log4JLogChute initialized using file 'C:\Users\AAndrewsPravinSha\eclipse-workspace\CucumberTest\target\Reports\JvmReport\velocity.log'
2021-11-30 13:52:03,736 - Initializing Velocity, Calling init()...
2021-11-30 13:52:03,736 - Starting Apache Velocity v1.7 (compiled: 2010-11-19 12:14:37)
2021-11-30 13:52:03,736 - Default Properties File: org\apache\velocity\runtime\defaults\velocity.properties
2021-11-30 13:52:03,736 - Trying to use logger class org.apache.velocity.runtime.log.AvalonLogChute
2021-11-30 13:52:03,736 - Target log system for org.apache.velocity.runtime.log.AvalonLogChute is not available (java.lang.NoClassDefFoundError: org/apache/log/format/Formatter).  Falling back to next log system...
2021-11-30 13:52:03,736 - Trying to use logger class org.apache.velocity.runtime.log.Log4JLogChute
2021-11-30 13:52:03,736 - Using logger class org.apache.velocity.runtime.log.Log4JLogChute
2021-11-30 13:52:03,736 - ResourceLoader instantiated: org.apache.velocity.runtime.resource.loader.ClasspathResourceLoader
2021-11-30 13:52:03,736 - ResourceCache: initialized (class org.apache.velocity.runtime.resource.ResourceCacheImpl) with class java.util.Collections$SynchronizedMap cache map.
2021-11-30 13:52:03,736 - Loaded System Directive: org.apache.velocity.runtime.directive.Stop
2021-11-30 13:52:03,736 - Loaded System Directive: org.apache.velocity.runtime.directive.Define
2021-11-30 13:52:03,736 - Loaded System Directive: org.apache.velocity.runtime.directive.Break
2021-11-30 13:52:03,736 - Loaded System Directive: org.apache.velocity.runtime.directive.Evaluate
2021-11-30 13:52:03,736 - Loaded System Directive: org.apache.velocity.runtime.directive.Literal
2021-11-30 13:52:03,736 - Loaded System Directive: org.apache.velocity.runtime.directive.Macro
2021-11-30 13:52:03,736 - Loaded System Directive: org.apache.velocity.runtime.directive.Parse
2021-11-30 13:52:03,737 - Loaded System Directive: org.apache.velocity.runtime.directive.Include
2021-11-30 13:52:03,737 - Loaded System Directive: org.apache.velocity.runtime.directive.Foreach
2021-11-30 13:52:03,737 - Created '20' parsers.
2021-11-30 13:52:03,737 - Velocimacro : "velocimacro.library" is not set.  Trying default library: VM_global_library.vm
2021-11-30 13:52:03,737 - Could not load resource 'VM_global_library.vm' from ResourceLoader org.apache.velocity.runtime.resource.loader.ClasspathResourceLoader: ClasspathResourceLoader Error: cannot find resource VM_global_library.vm
2021-11-30 13:52:03,737 - Velocimacro : Default library not found.
2021-11-30 13:52:03,737 - Velocimacro : allowInline = true : VMs can be defined inline in templates
2021-11-30 13:52:03,737 - Velocimacro : allowInlineToOverride = false : VMs defined inline may NOT replace previous VM definitions
2021-11-30 13:52:03,737 - Velocimacro : allowInlineLocal = false : VMs defined inline will be global in scope if allowed.
2021-11-30 13:52:03,737 - Velocimacro : autoload off : VM system will not automatically reload global library macros
2021-11-30 13:52:03,738 - ResourceManager : found templates/generators/overviewFailures.vm with loader org.apache.velocity.runtime.resource.loader.ClasspathResourceLoader
2021-11-30 13:52:03,739 - ResourceManager : found /templates/headers.vm with loader org.apache.velocity.runtime.resource.loader.ClasspathResourceLoader
2021-11-30 13:52:03,739 - ResourceManager : found /templates/head.vm with loader org.apache.velocity.runtime.resource.loader.ClasspathResourceLoader
2021-11-30 13:52:03,740 - Velocimacro : added VM stringArray: source=/templates/macros/array.js.vm
2021-11-30 13:52:03,740 - Velocimacro : added VM numberArray: source=/templates/macros/array.js.vm
2021-11-30 13:52:03,740 - ResourceManager : found /templates/macros/array.js.vm with loader org.apache.velocity.runtime.resource.loader.ClasspathResourceLoader
2021-11-30 13:52:03,740 - Velocimacro : added VM includeBuildInfo: source=/templates/macros/page/buildinfo.vm
2021-11-30 13:52:03,740 - ResourceManager : found /templates/macros/page/buildinfo.vm with loader org.apache.velocity.runtime.resource.loader.ClasspathResourceLoader
2021-11-30 13:52:03,741 - Velocimacro : added VM includeClassifications: source=/templates/macros/page/classifications.vm
2021-11-30 13:52:03,741 - ResourceManager : found /templates/macros/page/classifications.vm with loader org.apache.velocity.runtime.resource.loader.ClasspathResourceLoader
2021-11-30 13:52:03,741 - Velocimacro : added VM includeLead: source=/templates/macros/page/lead.vm
2021-11-30 13:52:03,741 - ResourceManager : found /templates/macros/page/lead.vm with loader org.apache.velocity.runtime.resource.loader.ClasspathResourceLoader
2021-11-30 13:52:03,741 - Velocimacro : added VM includeNavigation: source=/templates/macros/page/navigation.vm
2021-11-30 13:52:03,741 - ResourceManager : found /templates/macros/page/navigation.vm with loader org.apache.velocity.runtime.resource.loader.ClasspathResourceLoader
2021-11-30 13:52:03,741 - Velocimacro : added VM includeReportInfo: source=/templates/macros/page/reportInfo.vm
2021-11-30 13:52:03,742 - ResourceManager : found /templates/macros/page/reportInfo.vm with loader org.apache.velocity.runtime.resource.loader.ClasspathResourceLoader
2021-11-30 13:52:03,742 - Velocimacro : added VM includeTitle: source=/templates/macros/page/title.vm
2021-11-30 13:52:03,742 - ResourceManager : found /templates/macros/page/title.vm with loader org.apache.velocity.runtime.resource.loader.ClasspathResourceLoader
2021-11-30 13:52:03,742 - Velocimacro : added VM includeExpandingButtons: source=/templates/macros/report/expandAllButtons.vm
2021-11-30 13:52:03,742 - ResourceManager : found /templates/macros/report/expandAllButtons.vm with loader org.apache.velocity.runtime.resource.loader.ClasspathResourceLoader
2021-11-30 13:52:03,743 - Velocimacro : added VM includeReportTable: source=/templates/macros/report/reportTable.vm
2021-11-30 13:52:03,743 - ResourceManager : found /templates/macros/report/reportTable.vm with loader org.apache.velocity.runtime.resource.loader.ClasspathResourceLoader
2021-11-30 13:52:03,743 - Velocimacro : added VM includeReportHeader: source=/templates/macros/report/reportHeader.vm
2021-11-30 13:52:03,743 - ResourceManager : found /templates/macros/report/reportHeader.vm with loader org.apache.velocity.runtime.resource.loader.ClasspathResourceLoader
2021-11-30 13:52:03,744 - Velocimacro : added VM includeStatsTable: source=/templates/macros/report/statsTable.vm
2021-11-30 13:52:03,744 - ResourceManager : found /templates/macros/report/statsTable.vm with loader org.apache.velocity.runtime.resource.loader.ClasspathResourceLoader
2021-11-30 13:52:03,744 - Velocimacro : added VM includeBrief: source=/templates/macros/json/brief.vm
2021-11-30 13:52:03,744 - ResourceManager : found /templates/macros/json/brief.vm with loader org.apache.velocity.runtime.resource.loader.ClasspathResourceLoader
2021-11-30 13:52:03,744 - Velocimacro : added VM includeDocString: source=/templates/macros/json/docstring.vm
2021-11-30 13:52:03,744 - ResourceManager : found /templates/macros/json/docstring.vm with loader org.apache.velocity.runtime.resource.loader.ClasspathResourceLoader
2021-11-30 13:52:03,744 - Velocimacro : added VM includeDuration: source=/templates/macros/json/duration.vm
2021-11-30 13:52:03,744 - ResourceManager : found /templates/macros/json/duration.vm with loader org.apache.velocity.runtime.resource.loader.ClasspathResourceLoader
2021-11-30 13:52:03,745 - Velocimacro : added VM includeElement: source=/templates/macros/json/element.vm
2021-11-30 13:52:03,745 - ResourceManager : found /templates/macros/json/element.vm with loader org.apache.velocity.runtime.resource.loader.ClasspathResourceLoader
2021-11-30 13:52:03,746 - Velocimacro : added VM includeEmbeddings: source=/templates/macros/json/embeddings.vm
2021-11-30 13:52:03,746 - Velocimacro : added VM includeHtmlEmbedding: source=/templates/macros/json/embeddings.vm
2021-11-30 13:52:03,746 - Velocimacro : added VM includeVideoEmbedding: source=/templates/macros/json/embeddings.vm
2021-11-30 13:52:03,746 - Velocimacro : added VM includeImageEmbedding: source=/templates/macros/json/embeddings.vm
2021-11-30 13:52:03,746 - Velocimacro : added VM includeImageReferenceEmbedding: source=/templates/macros/json/embeddings.vm
2021-11-30 13:52:03,746 - Velocimacro : added VM includeTextEmbedding: source=/templates/macros/json/embeddings.vm
2021-11-30 13:52:03,746 - Velocimacro : added VM includeUnknownEmbedding: source=/templates/macros/json/embeddings.vm
2021-11-30 13:52:03,746 - ResourceManager : found /templates/macros/json/embeddings.vm with loader org.apache.velocity.runtime.resource.loader.ClasspathResourceLoader
2021-11-30 13:52:03,747 - Velocimacro : added VM includeHooks: source=/templates/macros/json/hooks.vm
2021-11-30 13:52:03,747 - ResourceManager : found /templates/macros/json/hooks.vm with loader org.apache.velocity.runtime.resource.loader.ClasspathResourceLoader
2021-11-30 13:52:03,748 - Velocimacro : added VM includeOutput: source=/templates/macros/json/output.vm
2021-11-30 13:52:03,748 - ResourceManager : found /templates/macros/json/output.vm with loader org.apache.velocity.runtime.resource.loader.ClasspathResourceLoader
2021-11-30 13:52:03,748 - Velocimacro : added VM includeMessage: source=/templates/macros/json/message.vm
2021-11-30 13:52:03,748 - ResourceManager : found /templates/macros/json/message.vm with loader org.apache.velocity.runtime.resource.loader.ClasspathResourceLoader
2021-11-30 13:52:03,749 - Velocimacro : added VM includeSteps: source=/templates/macros/json/steps.vm
2021-11-30 13:52:03,749 - ResourceManager : found /templates/macros/json/steps.vm with loader org.apache.velocity.runtime.resource.loader.ClasspathResourceLoader
2021-11-30 13:52:03,750 - Velocimacro : added VM includeStepName: source=/templates/macros/json/stepName.vm
2021-11-30 13:52:03,750 - ResourceManager : found /templates/macros/json/stepName.vm with loader org.apache.velocity.runtime.resource.loader.ClasspathResourceLoader
2021-11-30 13:52:03,750 - Velocimacro : added VM includeTags: source=/templates/macros/json/tags.vm
2021-11-30 13:52:03,750 - ResourceManager : found /templates/macros/json/tags.vm with loader org.apache.velocity.runtime.resource.loader.ClasspathResourceLoader
2021-11-30 13:52:03,751 - ResourceManager : found /templates/footer.vm with loader org.apache.velocity.runtime.resource.loader.ClasspathResourceLoader
asspathResourceLoader
2021-11-30 13:52:03,742 - ResourceManager : found /templates/macros/page/reportInfo.vm with loader org.apache.velocity.runtime.resource.loader.ClasspathResourceLoader
2021-11-30 13:52:03,742 - Velocimacro : added VM includeTitle: source=/templates/macros/page/title.vm
2021-11-30 13:52:03,742 - Velocimacro : added VM includeTitle: source=/templates/macros/page/title.vm
2021-11-30 13:52:03,742 - ResourceManager : found /templates/macros/page/title.vm with loader org.apache.velocity.runtime.resource.loader.ClasspathResourceLoader
2021-11-30 13:52:03,742 - ResourceManager : found /templates/macros/page/title.vm with loader org.apache.velocity.runtime.resource.loader.ClasspathResourceLoader
2021-11-30 13:52:03,742 - Velocimacro : added VM includeExpandingButtons: source=/templates/macros/report/expandAllButtons.vm
2021-11-30 13:52:03,742 - Velocimacro : added VM includeExpandingButtons: source=/templates/macros/report/expandAllButtons.vm
2021-11-30 13:52:03,742 - ResourceManager : found /templates/macros/report/expandAllButtons.vm with loader org.apache.velocity.runtime.resource.loader.ClasspathResourceLoader
2021-11-30 13:52:03,742 - ResourceManager : found /templates/macros/report/expandAllButtons.vm with loader org.apache.velocity.runtime.resource.loader.ClasspathResourceLoader
2021-11-30 13:52:03,743 - Velocimacro : added VM includeReportTable: source=/templates/macros/report/reportTable.vm
2021-11-30 13:52:03,743 - Velocimacro : added VM includeReportTable: source=/templates/macros/report/reportTable.vm
2021-11-30 13:52:03,743 - ResourceManager : found /templates/macros/report/reportTable.vm with loader org.apache.velocity.runtime.resource.loader.ClasspathResourceLoader
2021-11-30 13:52:03,743 - ResourceManager : found /templates/macros/report/reportTable.vm with loader org.apache.velocity.runtime.resource.loader.ClasspathResourceLoader
2021-11-30 13:52:03,743 - Velocimacro : added VM includeReportHeader: source=/templates/macros/report/reportHeader.vm
2021-11-30 13:52:03,743 - Velocimacro : added VM includeReportHeader: source=/templates/macros/report/reportHeader.vm
2021-11-30 13:52:03,743 - ResourceManager : found /templates/macros/report/reportHeader.vm with loader org.apache.velocity.runtime.resource.loader.ClasspathResourceLoader
2021-11-30 13:52:03,743 - ResourceManager : found /templates/macros/report/reportHeader.vm with loader org.apache.velocity.runtime.resource.loader.ClasspathResourceLoader
2021-11-30 13:52:03,744 - Velocimacro : added VM includeStatsTable: source=/templates/macros/report/statsTable.vm
2021-11-30 13:52:03,744 - Velocimacro : added VM includeStatsTable: source=/templates/macros/report/statsTable.vm
2021-11-30 13:52:03,744 - ResourceManager : found /templates/macros/report/statsTable.vm with loader org.apache.velocity.runtime.resource.loader.ClasspathResourceLoader
2021-11-30 13:52:03,744 - ResourceManager : found /templates/macros/report/statsTable.vm with loader org.apache.velocity.runtime.resource.loader.ClasspathResourceLoader
2021-11-30 13:52:03,744 - Velocimacro : added VM includeBrief: source=/templates/macros/json/brief.vm
2021-11-30 13:52:03,744 - Velocimacro : added VM includeBrief: source=/templates/macros/json/brief.vm
2021-11-30 13:52:03,744 - ResourceManager : found /templates/macros/json/brief.vm with loader org.apache.velocity.runtime.resource.loader.ClasspathResourceLoader
2021-11-30 13:52:03,744 - ResourceManager : found /templates/macros/json/brief.vm with loader org.apache.velocity.runtime.resource.loader.ClasspathResourceLoader
2021-11-30 13:52:03,744 - Velocimacro : added VM includeDocString: source=/templates/macros/json/docstring.vm
2021-11-30 13:52:03,744 - Velocimacro : added VM includeDocString: source=/templates/macros/json/docstring.vm
2021-11-30 13:52:03,744 - ResourceManager : found /templates/macros/json/docstring.vm with loader org.apache.velocity.runtime.resource.loader.ClasspathResourceLoader
2021-11-30 13:52:03,744 - ResourceManager : found /templates/macros/json/docstring.vm with loader org.apache.velocity.runtime.resource.loader.ClasspathResourceLoader
2021-11-30 13:52:03,744 - Velocimacro : added VM includeDuration: source=/templates/macros/json/duration.vm
2021-11-30 13:52:03,744 - Velocimacro : added VM includeDuration: source=/templates/macros/json/duration.vm
2021-11-30 13:52:03,744 - ResourceManager : found /templates/macros/json/duration.vm with loader org.apache.velocity.runtime.resource.loader.ClasspathResourceLoader
2021-11-30 13:52:03,744 - ResourceManager : found /templates/macros/json/duration.vm with loader org.apache.velocity.runtime.resource.loader.ClasspathResourceLoader
2021-11-30 13:52:03,745 - Velocimacro : added VM includeElement: source=/templates/macros/json/element.vm
2021-11-30 13:52:03,745 - Velocimacro : added VM includeElement: source=/templates/macros/json/element.vm
2021-11-30 13:52:03,745 - ResourceManager : found /templates/macros/json/element.vm with loader org.apache.velocity.runtime.resource.loader.ClasspathResourceLoader
2021-11-30 13:52:03,745 - ResourceManager : found /templates/macros/json/element.vm with loader org.apache.velocity.runtime.resource.loader.ClasspathResourceLoader
2021-11-30 13:52:03,746 - Velocimacro : added VM includeEmbeddings: source=/templates/macros/json/embeddings.vm
2021-11-30 13:52:03,746 - Velocimacro : added VM includeEmbeddings: source=/templates/macros/json/embeddings.vm
2021-11-30 13:52:03,746 - Velocimacro : added VM includeHtmlEmbedding: source=/templates/macros/json/embeddings.vm
2021-11-30 13:52:03,746 - Velocimacro : added VM includeHtmlEmbedding: source=/templates/macros/json/embeddings.vm
2021-11-30 13:52:03,746 - Velocimacro : added VM includeVideoEmbedding: source=/templates/macros/json/embeddings.vm
2021-11-30 13:52:03,746 - Velocimacro : added VM includeVideoEmbedding: source=/templates/macros/json/embeddings.vm
2021-11-30 13:52:03,746 - Velocimacro : added VM includeImageEmbedding: source=/templates/macros/json/embeddings.vm
2021-11-30 13:52:03,746 - Velocimacro : added VM includeImageEmbedding: source=/templates/macros/json/embeddings.vm
2021-11-30 13:52:03,746 - Velocimacro : added VM includeImageReferenceEmbedding: source=/templates/macros/json/embeddings.vm
2021-11-30 13:52:03,746 - Velocimacro : added VM includeImageReferenceEmbedding: source=/templates/macros/json/embeddings.vm
2021-11-30 13:52:03,746 - Velocimacro : added VM includeTextEmbedding: source=/templates/macros/json/embeddings.vm
2021-11-30 13:52:03,746 - Velocimacro : added VM includeTextEmbedding: source=/templates/macros/json/embeddings.vm
2021-11-30 13:52:03,746 - Velocimacro : added VM includeUnknownEmbedding: source=/templates/macros/json/embeddings.vm
2021-11-30 13:52:03,746 - Velocimacro : added VM includeUnknownEmbedding: source=/templates/macros/json/embeddings.vm
2021-11-30 13:52:03,746 - ResourceManager : found /templates/macros/json/embeddings.vm with loader org.apache.velocity.runtime.resource.loader.ClasspathResourceLoader
2021-11-30 13:52:03,746 - ResourceManager : found /templates/macros/json/embeddings.vm with loader org.apache.velocity.runtime.resource.loader.ClasspathResourceLoader
2021-11-30 13:52:03,747 - Velocimacro : added VM includeHooks: source=/templates/macros/json/hooks.vm
2021-11-30 13:52:03,747 - Velocimacro : added VM includeHooks: source=/templates/macros/json/hooks.vm
2021-11-30 13:52:03,747 - ResourceManager : found /templates/macros/json/hooks.vm with loader org.apache.velocity.runtime.resource.loader.ClasspathResourceLoader
2021-11-30 13:52:03,747 - ResourceManager : found /templates/macros/json/hooks.vm with loader org.apache.velocity.runtime.resource.loader.ClasspathResourceLoader
2021-11-30 13:52:03,748 - Velocimacro : added VM includeOutput: source=/templates/macros/json/output.vm
2021-11-30 13:52:03,748 - Velocimacro : added VM includeOutput: source=/templates/macros/json/output.vm
2021-11-30 13:52:03,748 - ResourceManager : found /templates/macros/json/output.vm with loader org.apache.velocity.runtime.resource.loader.ClasspathResourceLoader
2021-11-30 13:52:03,748 - ResourceManager : found /templates/macros/json/output.vm with loader org.apache.velocity.runtime.resource.loader.ClasspathResourceLoader
2021-11-30 13:52:03,748 - Velocimacro : added VM includeMessage: source=/templates/macros/json/message.vm
2021-11-30 13:52:03,748 - Velocimacro : added VM includeMessage: source=/templates/macros/json/message.vm
2021-11-30 13:52:03,748 - ResourceManager : found /templates/macros/json/message.vm with loader org.apache.velocity.runtime.resource.loader.ClasspathResourceLoader
2021-11-30 13:52:03,748 - ResourceManager : found /templates/macros/json/message.vm with loader org.apache.velocity.runtime.resource.loader.ClasspathResourceLoader
2021-11-30 13:52:03,749 - Velocimacro : added VM includeSteps: source=/templates/macros/json/steps.vm
2021-11-30 13:52:03,749 - Velocimacro : added VM includeSteps: source=/templates/macros/json/steps.vm
2021-11-30 13:52:03,749 - ResourceManager : found /templates/macros/json/steps.vm with loader org.apache.velocity.runtime.resource.loader.ClasspathResourceLoader
2021-11-30 13:52:03,749 - ResourceManager : found /templates/macros/json/steps.vm with loader org.apache.velocity.runtime.resource.loader.ClasspathResourceLoader
2021-11-30 13:52:03,750 - Velocimacro : added VM includeStepName: source=/templates/macros/json/stepName.vm
2021-11-30 13:52:03,750 - Velocimacro : added VM includeStepName: source=/templates/macros/json/stepName.vm
2021-11-30 13:52:03,750 - ResourceManager : found /templates/macros/json/stepName.vm with loader org.apache.velocity.runtime.resource.loader.ClasspathResourceLoader
2021-11-30 13:52:03,750 - ResourceManager : found /templates/macros/json/stepName.vm with loader org.apache.velocity.runtime.resource.loader.ClasspathResourceLoader
2021-11-30 13:52:03,750 - Velocimacro : added VM includeTags: source=/templates/macros/json/tags.vm
2021-11-30 13:52:03,750 - Velocimacro : added VM includeTags: source=/templates/macros/json/tags.vm
2021-11-30 13:52:03,750 - ResourceManager : found /templates/macros/json/tags.vm with loader org.apache.velocity.runtime.resource.loader.ClasspathResourceLoader
2021-11-30 13:52:03,750 - ResourceManager : found /templates/macros/json/tags.vm with loader org.apache.velocity.runtime.resource.loader.ClasspathResourceLoader
2021-11-30 13:52:03,751 - ResourceManager : found /templates/footer.vm with loader org.apache.velocity.runtime.resource.loader.ClasspathResourceLoader
2021-11-30 13:52:03,751 - ResourceManager : found /templates/footer.vm with loader org.apache.velocity.runtime.resource.loader.ClasspathResourceLoader
